<?xml version="1.0" encoding="UTF-8" standalone="no"?>
<!DOCTYPE log SYSTEM "logger.dtd">
<log>
<record>
  <date>2024-04-19T09:39:38.448485123Z</date>
  <millis>1713519578448</millis>
  <nanos>485123</nanos>
  <sequence>0</sequence>
  <logger>ru.ifmo.se.client.net.ConnectionManager</logger>
  <level>INFO</level>
  <class>ru.ifmo.se.client.Main</class>
  <method>main</method>
  <thread>1</thread>
  <message>Server doesn't respond.Retrying, try 0...</message>
</record>
<record>
  <date>2024-04-19T09:39:38.869608986Z</date>
  <millis>1713519578869</millis>
  <nanos>608986</nanos>
  <sequence>1</sequence>
  <logger>ru.ifmo.se.client.net.ConnectionManager</logger>
  <level>INFO</level>
  <class>ru.ifmo.se.client.Main</class>
  <method>main</method>
  <thread>1</thread>
  <message>Connected!</message>
</record>
</log>
