<?xml version="1.0" encoding="UTF-8" standalone="no"?>
<!DOCTYPE log SYSTEM "logger.dtd">
<log>
<record>
  <date>2024-04-19T09:39:23.389498837Z</date>
  <millis>1713519563389</millis>
  <nanos>498837</nanos>
  <sequence>0</sequence>
  <logger>ru.ifmo.se.server.commands.Load</logger>
  <level>INFO</level>
  <class>ru.ifmo.se.server.commands.Load</class>
  <method>execute</method>
  <thread>1</thread>
  <message>Successfully loaded collection from file</message>
</record>
<record>
  <date>2024-04-19T09:39:23.440415383Z</date>
  <millis>1713519563440</millis>
  <nanos>415383</nanos>
  <sequence>1</sequence>
  <logger>ru.ifmo.se.server.Main</logger>
  <level>INFO</level>
  <class>ru.ifmo.se.server.Main</class>
  <method>main</method>
  <thread>1</thread>
  <message>initialized socket</message>
</record>
<record>
  <date>2024-04-19T09:39:38.871973399Z</date>
  <millis>1713519578871</millis>
  <nanos>973399</nanos>
  <sequence>2</sequence>
  <logger>ru.ifmo.se.server.net.ConnectionManager</logger>
  <level>INFO</level>
  <class>ru.ifmo.se.server.net.ConnectionManager</class>
  <method>run</method>
  <thread>1</thread>
  <message>Added new key</message>
</record>
<record>
  <date>2024-04-19T09:39:41.637954218Z</date>
  <millis>1713519581637</millis>
  <nanos>954218</nanos>
  <sequence>3</sequence>
  <logger>ru.ifmo.se.server.net.Reciever</logger>
  <level>INFO</level>
  <class>ru.ifmo.se.server.net.Reciever</class>
  <method>recieve</method>
  <thread>1</thread>
  <message>Recieved a package</message>
</record>
<record>
  <date>2024-04-19T09:39:41.639908051Z</date>
  <millis>1713519581639</millis>
  <nanos>908051</nanos>
  <sequence>4</sequence>
  <logger>ru.ifmo.se.server.commands.Exit</logger>
  <level>INFO</level>
  <class>ru.ifmo.se.server.commands.Exit</class>
  <method>execute</method>
  <thread>1</thread>
  <message>client disconnected</message>
</record>
<record>
  <date>2024-04-19T09:39:41.643638477Z</date>
  <millis>1713519581643</millis>
  <nanos>638477</nanos>
  <sequence>5</sequence>
  <logger>ru.ifmo.se.server.net.Sender</logger>
  <level>INFO</level>
  <class>ru.ifmo.se.server.net.Sender</class>
  <method>send</method>
  <thread>1</thread>
  <message>package sent</message>
</record>
<record>
  <date>2024-04-19T09:39:41.921161830Z</date>
  <millis>1713519581921</millis>
  <nanos>161830</nanos>
  <sequence>6</sequence>
  <logger>ru.ifmo.se.server.net.ConnectionManager</logger>
  <level>WARNING</level>
  <class>ru.ifmo.se.server.net.ConnectionManager</class>
  <method>run</method>
  <thread>1</thread>
  <message>client disconnected</message>
</record>
<record>
  <date>2024-04-19T09:39:41.964844554Z</date>
  <millis>1713519581964</millis>
  <nanos>844554</nanos>
  <sequence>7</sequence>
  <logger>ru.ifmo.se.server.commands.Save</logger>
  <level>INFO</level>
  <class>ru.ifmo.se.server.commands.Save</class>
  <method>execute</method>
  <thread>1</thread>
  <message>successfully saved collection to file</message>
</record>
<record>
  <date>2024-04-19T09:40:45.435198410Z</date>
  <millis>1713519645435</millis>
  <nanos>198410</nanos>
  <sequence>8</sequence>
  <logger>ru.ifmo.se.server.commands.EmergencySave</logger>
  <level>INFO</level>
  <class>ru.ifmo.se.server.commands.EmergencySave</class>
  <method>save</method>
  <thread>13</thread>
  <message>emergency save...</message>
</record>
<record>
  <date>2024-04-19T09:40:45.439629288Z</date>
  <millis>1713519645439</millis>
  <nanos>629288</nanos>
  <sequence>9</sequence>
  <logger>ru.ifmo.se.server.commands.Save</logger>
  <level>INFO</level>
  <class>ru.ifmo.se.server.commands.Save</class>
  <method>execute</method>
  <thread>13</thread>
  <message>successfully saved collection to file</message>
</record>
<record>
  <date>2024-04-19T09:40:45.441318649Z</date>
  <millis>1713519645441</millis>
  <nanos>318649</nanos>
  <sequence>10</sequence>
  <logger>ru.ifmo.se.server.commands.EmergencySave</logger>
  <level>INFO</level>
  <class>ru.ifmo.se.server.commands.EmergencySave</class>
  <method>save</method>
  <thread>13</thread>
  <message>saved successfully</message>
</record>
</log>
